The C compiler identification could not be found in "/cygdrive/c/Users/vAsmad/CLionProjects/TPI_toroide/cmake-build-debug-coverage/CMakeFiles/3.17.3/CompilerIdC/CMakeCCompilerId.gcno"

The CXX compiler identification could not be found in "/cygdrive/c/Users/vAsmad/CLionProjects/TPI_toroide/cmake-build-debug-coverage/CMakeFiles/3.17.3/CompilerIdCXX/CMakeCXXCompilerId.gcno"

Detecting C compiler ABI info failed to compile with the following output:
Change Dir: /cygdrive/c/Users/vAsmad/CLionProjects/TPI_toroide/cmake-build-debug-coverage/CMakeFiles/CMakeTmp

Run Build Command(s):/cygdrive/c/Strawberry/c/bin/gmake.exe cmTC_89d5e/fast && C:/Strawberry/c/bin/gmake  -f CMakeFiles/cmTC_89d5e.dir/build.make CMakeFiles/cmTC_89d5e.dir/build
gmake[1]: Entering directory 'C:/Users/vAsmad/CLionProjects/TPI_toroide/cmake-build-debug-coverage/CMakeFiles/CMakeTmp'
gmake[1]: *** No rule to make target '/cygdrive/c/Users/vAsmad/AppData/Local/JetBrains/CLion2020.2/cygwin_cmake/share/cmake-3.17.3/Modules/CMakeCCompilerABI.c', needed by 'CMakeFiles/cmTC_89d5e.dir/CMakeCCompilerABI.c.o'.  Stop.
gmake[1]: Leaving directory 'C:/Users/vAsmad/CLionProjects/TPI_toroide/cmake-build-debug-coverage/CMakeFiles/CMakeTmp'
gmake: *** [Makefile:141: cmTC_89d5e/fast] Error 2




Detecting CXX compiler ABI info failed to compile with the following output:
Change Dir: /cygdrive/c/Users/vAsmad/CLionProjects/TPI_toroide/cmake-build-debug-coverage/CMakeFiles/CMakeTmp

Run Build Command(s):/cygdrive/c/Strawberry/c/bin/gmake.exe cmTC_23011/fast && C:/Strawberry/c/bin/gmake  -f CMakeFiles/cmTC_23011.dir/build.make CMakeFiles/cmTC_23011.dir/build
gmake[1]: Entering directory 'C:/Users/vAsmad/CLionProjects/TPI_toroide/cmake-build-debug-coverage/CMakeFiles/CMakeTmp'
gmake[1]: *** No rule to make target '/cygdrive/c/Users/vAsmad/AppData/Local/JetBrains/CLion2020.2/cygwin_cmake/share/cmake-3.17.3/Modules/CMakeCXXCompilerABI.cpp', needed by 'CMakeFiles/cmTC_23011.dir/CMakeCXXCompilerABI.cpp.o'.  Stop.
gmake[1]: Leaving directory 'C:/Users/vAsmad/CLionProjects/TPI_toroide/cmake-build-debug-coverage/CMakeFiles/CMakeTmp'
gmake: *** [Makefile:141: cmTC_23011/fast] Error 2




